number,value,datetime_start,datetime_complete,duration,params_box_padding,params_filter_max_area,params_filter_min_area,params_notch_band_width,params_peak_safety_margin,state
170,0.32411230388109,2026-08-03 02:01:45.073941,2026-08-03 02:03:10.977909,0 days 00:01:25.903968,26,1500,300,125,20,COMPLETE
171,0.32411230388109,2026-08-03 02:02:02.885580,2026-08-03 02:03:28.758422,0 days 00:01:25.872842,26,1500,300,125,20,COMPLETE
172,0.3300970873786408,2026-08-03 02:02:15.598673,2026-08-03 02:03:33.252149,0 days 00:01:17.653476,24,1500,200,125,20,COMPLETE
173,0.3191489361702128,2026-08-03 02:02:18.331256,2026-08-03 02:03:36.547587,0 days 00:01:18.216331,24,1500,200,125,21,COMPLETE
174,0.3337236533957845,2026-08-03 02:02:18.986537,2026-08-03 02:03:36.708101,0 days 00:01:17.721564,24,1500,200,125,19,COMPLETE
175,0.3337236533957845,2026-08-03 02:02:33.529946,2026-08-03 02:03:51.732656,0 days 00:01:18.202710,24,1500,200,125,19,COMPLETE
176,0.32160194174757284,2026-08-03 02:03:06.688008,2026-08-03 02:04:31.263641,0 days 00:01:24.575633,24,1500,250,125,19,COMPLETE
177,0.32160194174757284,2026-08-03 02:03:09.629112,2026-08-03 02:04:34.226862,0 days 00:01:24.597750,24,1500,250,125,19,COMPLETE
178,0.32211138819617624,2026-08-03 02:03:10.998055,2026-08-03 02:04:35.003740,0 days 00:01:24.005685,24,1500,300,125,19,COMPLETE
179,0.32211138819617624,2026-08-03 02:03:28.771419,2026-08-03 02:04:54.849186,0 days 00:01:26.077767,24,1500,300,125,19,COMPLETE
180,0.32211138819617624,2026-08-03 02:03:33.263146,2026-08-03 02:04:53.412753,0 days 00:01:20.149607,24,1500,300,125,19,COMPLETE
181,0.32160194174757284,2026-08-03 02:03:36.557590,2026-08-03 02:04:57.754830,0 days 00:01:21.197240,26,1500,250,125,19,COMPLETE
182,0.32160194174757284,2026-08-03 02:03:36.720402,2026-08-03 02:04:57.559916,0 days 00:01:20.839514,24,1500,250,125,19,COMPLETE
183,0.32160194174757284,2026-08-03 02:03:51.747650,2026-08-03 02:05:10.894749,0 days 00:01:19.147099,24,1500,250,125,19,COMPLETE
184,0.32160194174757284,2026-08-03 02:04:31.289653,2026-08-03 02:05:57.178145,0 days 00:01:25.888492,24,1500,250,125,19,COMPLETE
185,0.32160194174757284,2026-08-03 02:04:34.242673,2026-08-03 02:06:00.336731,0 days 00:01:26.094058,26,1500,250,125,19,COMPLETE
186,0.3226452905811623,2026-08-03 02:04:35.016748,2026-08-03 02:06:01.198186,0 days 00:01:26.181438,26,1500,250,125,20,COMPLETE
187,0.3226452905811623,2026-08-03 02:04:53.425010,2026-08-03 02:06:14.823123,0 days 00:01:21.398113,26,1500,250,125,20,COMPLETE
188,0.3226452905811623,2026-08-03 02:04:54.859186,2026-08-03 02:06:22.573081,0 days 00:01:27.713895,26,1500,250,125,20,COMPLETE
189,0.3003314001657001,2026-08-03 02:04:57.581167,2026-08-03 02:06:18.808500,0 days 00:01:21.227333,26,1000,250,125,20,COMPLETE
190,0.3226452905811623,2026-08-03 02:04:57.765830,2026-08-03 02:06:19.820361,0 days 00:01:22.054531,26,1500,250,125,20,COMPLETE
191,0.29710417450169235,2026-08-03 02:05:10.914989,2026-08-03 02:06:33.602874,0 days 00:01:22.687885,26,1000,150,125,20,COMPLETE
192,0.29710417450169235,2026-08-03 02:05:57.192145,2026-08-03 02:07:25.569840,0 days 00:01:28.377695,26,1000,150,125,20,COMPLETE
193,0.29710417450169235,2026-08-03 02:06:00.357396,2026-08-03 02:07:27.797081,0 days 00:01:27.439685,26,1000,150,125,20,COMPLETE
194,0.29710417450169235,2026-08-03 02:06:01.213183,2026-08-03 02:07:28.910556,0 days 00:01:27.697373,26,1000,150,125,20,COMPLETE
195,0.2922885572139303,2026-08-03 02:06:14.846766,2026-08-03 02:07:35.293186,0 days 00:01:20.446420,26,1000,250,125,21,COMPLETE
196,0.3086194302410519,2026-08-03 02:06:18.834062,2026-08-03 02:07:37.836893,0 days 00:01:19.002831,26,1500,150,125,21,COMPLETE
197,0.2894736842105263,2026-08-03 02:06:19.832187,2026-08-03 02:07:38.701504,0 days 00:01:18.869317,26,1000,150,125,21,COMPLETE
198,0.30127693535514766,2026-08-03 02:06:22.593646,2026-08-03 02:07:42.973874,0 days 00:01:20.380228,26,1000,200,125,21,COMPLETE
199,0.32108317214700194,2026-08-03 02:06:33.618410,2026-08-03 02:07:46.455905,0 days 00:01:12.837495,26,1500,200,125,21,COMPLETE
